<?xml version="1.0" encoding="utf-8"?><testsuites><testsuite name="pytest" errors="0" failures="0" skipped="0" tests="5" time="35.946" timestamp="2021-02-01T13:56:11.640599" hostname="LAPTOP-7QN89VI9"><testcase classname="e2e_Test.TestGreenKart" name="test_LogoDisplayed" time="11.464" /><testcase classname="e2e_Test.TestGreenKart" name="test_CartIsZero" time="0.027" /><testcase classname="e2e_Test.TestGreenKart" name="test_CartPriceIncrease" time="14.475" /><testcase classname="e2e_Test.TestGreenKart" name="test_CheckoutListMatch" time="3.042" /><testcase classname="e2e_Test.TestGreenKart" name="test_DiscountCode" time="6.864" /></testsuite></testsuites>